<?xml version="1.0" encoding="UTF-8"?>
<coverage generated="1490367321">
  <project timestamp="1490367321">
    <package name="bitExpert\Phing\SecurityChecker">
      <file name="/home/shochdoerfer/Workspace/phing-securitychecker/src/bitExpert/Phing/SecurityChecker/SecurityCheckerTask.php">
        <class name="SecurityCheckerTask" namespace="bitExpert\Phing\SecurityChecker">
          <metrics methods="5" coveredmethods="3" conditionals="0" coveredconditionals="0" statements="34" coveredstatements="21" elements="39" coveredelements="24"/>
        </class>
        <line num="30" type="method" name="setLockfile" crap="1" count="4"/>
        <line num="32" type="stmt" count="4"/>
        <line num="33" type="stmt" count="4"/>
        <line num="40" type="method" name="setTimeout" crap="1" count="1"/>
        <line num="42" type="stmt" count="1"/>
        <line num="43" type="stmt" count="1"/>
        <line num="50" type="method" name="setEndPoint" crap="1" count="1"/>
        <line num="52" type="stmt" count="1"/>
        <line num="53" type="stmt" count="1"/>
        <line num="59" type="method" name="main" crap="24.64" count="5"/>
        <line num="61" type="stmt" count="5"/>
        <line num="62" type="stmt" count="1"/>
        <line num="65" type="stmt" count="4"/>
        <line num="66" type="stmt" count="1"/>
        <line num="69" type="stmt" count="3"/>
        <line num="72" type="stmt" count="3"/>
        <line num="73" type="stmt" count="1"/>
        <line num="75" type="stmt" count="3"/>
        <line num="76" type="stmt" count="1"/>
        <line num="79" type="stmt" count="3"/>
        <line num="81" type="stmt" count="3"/>
        <line num="82" type="stmt" count="0"/>
        <line num="83" type="stmt" count="0"/>
        <line num="84" type="stmt" count="0"/>
        <line num="86" type="stmt" count="0"/>
        <line num="87" type="stmt" count="0"/>
        <line num="88" type="stmt" count="0"/>
        <line num="89" type="stmt" count="0"/>
        <line num="91" type="stmt" count="0"/>
        <line num="93" type="stmt" count="0"/>
        <line num="94" type="stmt" count="0"/>
        <line num="97" type="stmt" count="3"/>
        <line num="100" type="stmt" count="0"/>
        <line num="101" type="stmt" count="0"/>
        <line num="104" type="stmt" count="3"/>
        <line num="105" type="stmt" count="1"/>
        <line num="107" type="stmt" count="2"/>
        <line num="114" type="method" name="getSecurityChecker" crap="2" count="0"/>
        <line num="116" type="stmt" count="0"/>
        <metrics loc="118" ncloc="83" classes="1" methods="5" coveredmethods="3" conditionals="0" coveredconditionals="0" statements="34" coveredstatements="21" elements="39" coveredelements="24"/>
      </file>
    </package>
    <metrics files="1" loc="118" ncloc="83" classes="1" methods="5" coveredmethods="3" conditionals="0" coveredconditionals="0" statements="34" coveredstatements="21" elements="39" coveredelements="24"/>
  </project>
</coverage>
